<?xml version="1.0" encoding="UTF-8"?>
<!-- Generated by org.testng.reporters.JUnitReportReporter -->
<testsuite hostname="techmagic-System-Product-Name" name="test.TestLoginFunctionality" tests="4" failures="0" timestamp="4 May 2015 14:50:34 GMT" time="19.855" errors="1">
  <testcase name="verifyLogIn" time="13.090" classname="test.TestLoginFunctionality">
    <error type="java.lang.AssertionError" message="Element didn&#039;t appeared in expected time - 0 seconds">
      <![CDATA[java.lang.AssertionError: Element didn't appeared in expected time - 0 seconds
	at org.testng.Assert.fail(Assert.java:94)
	at pages.AbstarctPage.waitForElement(AbstarctPage.java:50)
	at pages.LandingPage.login(LandingPage.java:106)
	at test.TestLoginFunctionality.verifyLogIn(TestLoginFunctionality.java:58)
	at sun.reflect.NativeMethodAccessorImpl.invoke0(Native Method)
	at sun.reflect.NativeMethodAccessorImpl.invoke(NativeMethodAccessorImpl.java:57)
	at sun.reflect.DelegatingMethodAccessorImpl.invoke(DelegatingMethodAccessorImpl.java:43)
	at java.lang.reflect.Method.invoke(Method.java:606)
	at org.testng.internal.MethodInvocationHelper.invokeMethod(MethodInvocationHelper.java:85)
	at org.testng.internal.Invoker.invokeMethod(Invoker.java:696)
	at org.testng.internal.Invoker.invokeTestMethod(Invoker.java:882)
	at org.testng.internal.Invoker.invokeTestMethods(Invoker.java:1189)
	at org.testng.internal.TestMethodWorker.invokeTestMethods(TestMethodWorker.java:124)
	at org.testng.internal.TestMethodWorker.run(TestMethodWorker.java:108)
	at java.util.concurrent.ThreadPoolExecutor.runWorker(ThreadPoolExecutor.java:1145)
	at java.util.concurrent.ThreadPoolExecutor$Worker.run(ThreadPoolExecutor.java:615)
	at java.lang.Thread.run(Thread.java:745)
]]>
    </error>
  </testcase> <!-- verifyLogIn -->
  <testcase name="verifyInvalidUserLogin" time="2.691" classname="test.TestLoginFunctionality"/>
  <testcase name="verifyEmptyPassword" time="1.580" classname="test.TestLoginFunctionality"/>
  <testcase name="verifyEmptyEmailAndPassword" time="2.494" classname="test.TestLoginFunctionality"/>
</testsuite> <!-- test.TestLoginFunctionality -->
